<?xml version="1.0" encoding="UTF-8"?>
<!-- Generated by org.testng.reporters.JUnitReportReporter -->
<testsuite hostname="ES-LAPTOP-527" failures="2" tests="3" name="CucumberOptions.TestNGTestRunner" time="45.751" errors="0" timestamp="2024-03-14T18:09:38 IST" skipped="0">
  <testcase classname="CucumberOptions.TestNGTestRunner" name="runScenario" time="14.308"/>
  <testcase classname="CucumberOptions.TestNGTestRunner" name="runScenario" time="15.685">
    <failure message="expected [null] but found [Tomato]" type="java.lang.AssertionError">
      <![CDATA[java.lang.AssertionError: expected [null] but found [Tomato]
at org.testng.Assert.fail(Assert.java:111)
at org.testng.Assert.failNotEquals(Assert.java:1578)
at org.testng.Assert.assertEqualsImpl(Assert.java:150)
at org.testng.Assert.assertEquals(Assert.java:132)
at org.testng.Assert.assertEquals(Assert.java:656)
at org.testng.Assert.assertEquals(Assert.java:666)
at StepDefination.OffersPageStepDefination.validate_product_name_in_Offers_page(OffersPageStepDefination.java:50)
at ✽.validate product name in offers page matches with Landing Page(file:///C:/Users/kirankumar.k/eclipse-workspace/CucumberFramework/src/test/java/Features/SearchProduct.feature:9)
]]>
    </failure>
  </testcase> <!-- runScenario -->
  <testcase classname="CucumberOptions.TestNGTestRunner" name="runScenario" time="15.758">
    <failure message="expected [null] but found [No data]" type="java.lang.AssertionError">
      <![CDATA[java.lang.AssertionError: expected [null] but found [No data]
at org.testng.Assert.fail(Assert.java:111)
at org.testng.Assert.failNotEquals(Assert.java:1578)
at org.testng.Assert.assertEqualsImpl(Assert.java:150)
at org.testng.Assert.assertEquals(Assert.java:132)
at org.testng.Assert.assertEquals(Assert.java:656)
at org.testng.Assert.assertEquals(Assert.java:666)
at StepDefination.OffersPageStepDefination.validate_product_name_in_Offers_page(OffersPageStepDefination.java:50)
at ✽.validate product name in offers page matches with Landing Page(file:///C:/Users/kirankumar.k/eclipse-workspace/CucumberFramework/src/test/java/Features/SearchProduct.feature:9)
]]>
    </failure>
  </testcase> <!-- runScenario -->
</testsuite> <!-- CucumberOptions.TestNGTestRunner -->
