<?xml version="1.0" encoding="UTF-8"?>
<!-- Generated by org.testng.reporters.JUnitReportReporter -->
<testsuite hostname="ES-LAPTOP-527" failures="2" tests="2" name="CucumberOptions.FailedTestRunner" time="24.783" errors="0" timestamp="2024-02-28T17:46:29 IST" skipped="0">
  <testcase classname="CucumberOptions.FailedTestRunner" name="runScenario" time="12.414">
    <failure message="expected [null] but found [Tomato]" type="java.lang.AssertionError">
      <![CDATA[java.lang.AssertionError: expected [null] but found [Tomato]
at org.testng.Assert.fail(Assert.java:111)
at org.testng.Assert.failNotEquals(Assert.java:1578)
at org.testng.Assert.assertEqualsImpl(Assert.java:150)
at org.testng.Assert.assertEquals(Assert.java:132)
at org.testng.Assert.assertEquals(Assert.java:656)
at org.testng.Assert.assertEquals(Assert.java:666)
at StepDefination.OffersPageStepDefination.validate_product_name_in_Offers_page(OffersPageStepDefination.java:58)
at ✽.validate product name in offers page matches with Landing Page(file:///C:/Users/kirankumar.k/eclipse-workspace/CucumberFramework/src/test/java/Features/SearchProduct.feature:9)
]]>
    </failure>
  </testcase> <!-- runScenario -->
  <testcase classname="CucumberOptions.FailedTestRunner" name="runScenario" time="12.369">
    <failure message="expected [null] but found [No data]" type="java.lang.AssertionError">
      <![CDATA[java.lang.AssertionError: expected [null] but found [No data]
at org.testng.Assert.fail(Assert.java:111)
at org.testng.Assert.failNotEquals(Assert.java:1578)
at org.testng.Assert.assertEqualsImpl(Assert.java:150)
at org.testng.Assert.assertEquals(Assert.java:132)
at org.testng.Assert.assertEquals(Assert.java:656)
at org.testng.Assert.assertEquals(Assert.java:666)
at StepDefination.OffersPageStepDefination.validate_product_name_in_Offers_page(OffersPageStepDefination.java:58)
at ✽.validate product name in offers page matches with Landing Page(file:///C:/Users/kirankumar.k/eclipse-workspace/CucumberFramework/src/test/java/Features/SearchProduct.feature:9)
]]>
    </failure>
  </testcase> <!-- runScenario -->
</testsuite> <!-- CucumberOptions.FailedTestRunner -->
